Defaulting to user installation because normal site-packages is not writeable
Requirement already satisfied: pip in /data/homezvol2/ibragimr/.local/lib/python3.10/site-packages (25.3)
Defaulting to user installation because normal site-packages is not writeable
Requirement already satisfied: statsmodels in /data/homezvol2/ibragimr/.local/lib/python3.10/site-packages (0.14.6)
Requirement already satisfied: numpy<3,>=1.22.3 in /data/homezvol2/ibragimr/.local/lib/python3.10/site-packages (from statsmodels) (1.26.4)
Requirement already satisfied: scipy!=1.9.2,>=1.8 in /data/homezvol2/ibragimr/.local/lib/python3.10/site-packages (from statsmodels) (1.14.1)
Requirement already satisfied: pandas!=2.1.0,>=1.4 in /opt/apps/python/3.10.2/lib/python3.10/site-packages (from statsmodels) (1.4.1)
Requirement already satisfied: patsy>=0.5.6 in /data/homezvol2/ibragimr/.local/lib/python3.10/site-packages (from statsmodels) (1.0.2)
Requirement already satisfied: packaging>=21.3 in /opt/apps/python/3.10.2/lib/python3.10/site-packages (from statsmodels) (21.3)
Requirement already satisfied: python-dateutil>=2.8.1 in /opt/apps/python/3.10.2/lib/python3.10/site-packages (from pandas!=2.1.0,>=1.4->statsmodels) (2.8.2)
Requirement already satisfied: pytz>=2020.1 in /opt/apps/python/3.10.2/lib/python3.10/site-packages (from pandas!=2.1.0,>=1.4->statsmodels) (2021.3)
Requirement already satisfied: six>=1.5 in /opt/apps/python/3.10.2/lib/python3.10/site-packages (from python-dateutil>=2.8.1->pandas!=2.1.0,>=1.4->statsmodels) (1.16.0)

[BETA_INT=0.000] Setup=constant | REAL baseline: RMSE=0.501845, R2=0.912123 | beta123_real=0.003250
[BETA_INT=0.000] Done: eps=1 rep=1 | abs_err=0.7034 | RMSE_hold=1.8636 (Δ=1.3617) | R2_hold=-0.2118 (Δ=-1.1239)
[BETA_INT=0.000] Done: eps=1 rep=2 | abs_err=0.2089 | RMSE_hold=1.3783 (Δ=0.8765) | R2_hold=0.3371 (Δ=-0.5750)
[BETA_INT=0.000] Done: eps=1 rep=3 | abs_err=0.2863 | RMSE_hold=1.4678 (Δ=0.9659) | R2_hold=0.2483 (Δ=-0.6638)
[BETA_INT=0.000] Done: eps=1 rep=4 | abs_err=0.2821 | RMSE_hold=1.8475 (Δ=1.3456) | R2_hold=-0.1910 (Δ=-1.1031)
[BETA_INT=0.000] Done: eps=1 rep=5 | abs_err=0.3197 | RMSE_hold=2.0687 (Δ=1.5669) | R2_hold=-0.4933 (Δ=-1.4054)
[BETA_INT=0.000] Done: eps=1 rep=6 | abs_err=0.1810 | RMSE_hold=1.4375 (Δ=0.9356) | R2_hold=0.2790 (Δ=-0.6331)
[BETA_INT=0.000] Done: eps=1 rep=7 | abs_err=0.0827 | RMSE_hold=0.8543 (Δ=0.3525) | R2_hold=0.7453 (Δ=-0.1668)
[BETA_INT=0.000] Done: eps=1 rep=8 | abs_err=0.0348 | RMSE_hold=1.8115 (Δ=1.3096) | R2_hold=-0.1450 (Δ=-1.0571)
[BETA_INT=0.000] Done: eps=1 rep=9 | abs_err=0.8451 | RMSE_hold=2.9047 (Δ=2.4028) | R2_hold=-1.9439 (Δ=-2.8561)
[BETA_INT=0.000] Done: eps=2 rep=1 | abs_err=0.0785 | RMSE_hold=1.3577 (Δ=0.8558) | R2_hold=0.3568 (Δ=-0.5553)
[BETA_INT=0.000] Done: eps=2 rep=2 | abs_err=0.0653 | RMSE_hold=1.1450 (Δ=0.6432) | R2_hold=0.5425 (Δ=-0.3696)
[BETA_INT=0.000] Done: eps=2 rep=3 | abs_err=0.0334 | RMSE_hold=0.8367 (Δ=0.3348) | R2_hold=0.7558 (Δ=-0.1564)
[BETA_INT=0.000] Done: eps=2 rep=4 | abs_err=0.0287 | RMSE_hold=0.5766 (Δ=0.0748) | R2_hold=0.8840 (Δ=-0.0281)
[BETA_INT=0.000] Done: eps=2 rep=5 | abs_err=0.0167 | RMSE_hold=0.9616 (Δ=0.4597) | R2_hold=0.6774 (Δ=-0.2348)
[BETA_INT=0.000] Done: eps=2 rep=6 | abs_err=0.0060 | RMSE_hold=0.8582 (Δ=0.3563) | R2_hold=0.7430 (Δ=-0.1691)
[BETA_INT=0.000] Done: eps=2 rep=7 | abs_err=0.0112 | RMSE_hold=0.6260 (Δ=0.1241) | R2_hold=0.8633 (Δ=-0.0488)
[BETA_INT=0.000] Done: eps=2 rep=8 | abs_err=0.0427 | RMSE_hold=0.7223 (Δ=0.2205) | R2_hold=0.8179 (Δ=-0.0942)
[BETA_INT=0.000] Done: eps=2 rep=9 | abs_err=0.0372 | RMSE_hold=0.7451 (Δ=0.2433) | R2_hold=0.8063 (Δ=-0.1058)
[BETA_INT=0.000] Done: eps=3 rep=1 | abs_err=0.0029 | RMSE_hold=0.5556 (Δ=0.0538) | R2_hold=0.8923 (Δ=-0.0199)
[BETA_INT=0.000] Done: eps=3 rep=2 | abs_err=0.0020 | RMSE_hold=0.9137 (Δ=0.4118) | R2_hold=0.7087 (Δ=-0.2034)
[BETA_INT=0.000] Done: eps=3 rep=3 | abs_err=0.0000 | RMSE_hold=0.5826 (Δ=0.0808) | R2_hold=0.8816 (Δ=-0.0306)
[BETA_INT=0.000] Done: eps=3 rep=4 | abs_err=0.3100 | RMSE_hold=2.0255 (Δ=1.5237) | R2_hold=-0.4316 (Δ=-1.3437)
[BETA_INT=0.000] Done: eps=3 rep=5 | abs_err=0.0336 | RMSE_hold=0.7858 (Δ=0.2840) | R2_hold=0.7845 (Δ=-0.1276)
[BETA_INT=0.000] Done: eps=3 rep=6 | abs_err=0.0056 | RMSE_hold=0.7510 (Δ=0.2492) | R2_hold=0.8032 (Δ=-0.1089)
[BETA_INT=0.000] Done: eps=3 rep=7 | abs_err=0.0183 | RMSE_hold=0.5329 (Δ=0.0310) | R2_hold=0.9009 (Δ=-0.0112)
[BETA_INT=0.000] Done: eps=3 rep=8 | abs_err=0.0202 | RMSE_hold=0.6536 (Δ=0.1518) | R2_hold=0.8509 (Δ=-0.0612)
[BETA_INT=0.000] Done: eps=3 rep=9 | abs_err=0.0035 | RMSE_hold=0.8555 (Δ=0.3537) | R2_hold=0.7446 (Δ=-0.1675)
[BETA_INT=0.000] Done: eps=4 rep=1 | abs_err=0.0064 | RMSE_hold=0.5108 (Δ=0.0089) | R2_hold=0.9090 (Δ=-0.0032)
[BETA_INT=0.000] Done: eps=4 rep=2 | abs_err=0.0020 | RMSE_hold=0.5459 (Δ=0.0441) | R2_hold=0.8960 (Δ=-0.0161)
[BETA_INT=0.000] Done: eps=4 rep=3 | abs_err=0.0106 | RMSE_hold=0.6948 (Δ=0.1930) | R2_hold=0.8315 (Δ=-0.0806)
[BETA_INT=0.000] Done: eps=4 rep=4 | abs_err=0.0030 | RMSE_hold=0.5905 (Δ=0.0886) | R2_hold=0.8783 (Δ=-0.0338)
[BETA_INT=0.000] Done: eps=4 rep=5 | abs_err=0.0043 | RMSE_hold=0.7709 (Δ=0.2690) | R2_hold=0.7927 (Δ=-0.1195)
[BETA_INT=0.000] Done: eps=4 rep=6 | abs_err=0.0041 | RMSE_hold=0.6137 (Δ=0.1118) | R2_hold=0.8686 (Δ=-0.0435)
[BETA_INT=0.000] Done: eps=4 rep=7 | abs_err=0.0014 | RMSE_hold=0.7402 (Δ=0.2384) | R2_hold=0.8088 (Δ=-0.1033)
[BETA_INT=0.000] Done: eps=4 rep=8 | abs_err=0.0142 | RMSE_hold=0.6751 (Δ=0.1732) | R2_hold=0.8410 (Δ=-0.0711)
[BETA_INT=0.000] Done: eps=4 rep=9 | abs_err=0.0036 | RMSE_hold=0.5316 (Δ=0.0298) | R2_hold=0.9014 (Δ=-0.0107)
[BETA_INT=0.000] Done: eps=5 rep=1 | abs_err=0.0068 | RMSE_hold=0.5463 (Δ=0.0444) | R2_hold=0.8959 (Δ=-0.0162)
[BETA_INT=0.000] Done: eps=5 rep=2 | abs_err=0.0047 | RMSE_hold=0.6002 (Δ=0.0983) | R2_hold=0.8743 (Δ=-0.0378)
[BETA_INT=0.000] Done: eps=5 rep=3 | abs_err=0.0087 | RMSE_hold=0.5887 (Δ=0.0869) | R2_hold=0.8791 (Δ=-0.0330)
[BETA_INT=0.000] Done: eps=5 rep=4 | abs_err=0.0020 | RMSE_hold=0.5740 (Δ=0.0722) | R2_hold=0.8850 (Δ=-0.0271)
[BETA_INT=0.000] Done: eps=5 rep=5 | abs_err=0.0010 | RMSE_hold=0.5308 (Δ=0.0290) | R2_hold=0.9017 (Δ=-0.0104)
[BETA_INT=0.000] Done: eps=5 rep=6 | abs_err=0.0024 | RMSE_hold=0.6065 (Δ=0.1046) | R2_hold=0.8717 (Δ=-0.0405)
[BETA_INT=0.000] Done: eps=5 rep=7 | abs_err=0.0046 | RMSE_hold=0.5317 (Δ=0.0299) | R2_hold=0.9014 (Δ=-0.0108)
[BETA_INT=0.000] Done: eps=5 rep=8 | abs_err=0.0045 | RMSE_hold=0.6800 (Δ=0.1782) | R2_hold=0.8386 (Δ=-0.0735)
[BETA_INT=0.000] Done: eps=5 rep=9 | abs_err=0.0084 | RMSE_hold=0.5821 (Δ=0.0803) | R2_hold=0.8818 (Δ=-0.0304)

[BETA_INT=0.500] Setup=constant | REAL baseline: RMSE=0.504793, R2=0.966512 | beta123_real=0.498250
[BETA_INT=0.500] Done: eps=1 rep=1 | abs_err=0.8559 | RMSE_hold=2.9089 (Δ=2.4041) | R2_hold=-0.1120 (Δ=-1.0785)
[BETA_INT=0.500] Done: eps=1 rep=2 | abs_err=0.4760 | RMSE_hold=1.6835 (Δ=1.1787) | R2_hold=0.6275 (Δ=-0.3390)
[BETA_INT=0.500] Done: eps=1 rep=3 | abs_err=0.1108 | RMSE_hold=3.4363 (Δ=2.9315) | R2_hold=-0.5518 (Δ=-1.5183)
[BETA_INT=0.500] Done: eps=1 rep=4 | abs_err=0.4498 | RMSE_hold=1.7567 (Δ=1.2519) | R2_hold=0.5945 (Δ=-0.3721)
[BETA_INT=0.500] Done: eps=1 rep=5 | abs_err=0.5361 | RMSE_hold=2.1969 (Δ=1.6921) | R2_hold=0.3657 (Δ=-0.6008)
[BETA_INT=0.500] Done: eps=1 rep=6 | abs_err=0.4231 | RMSE_hold=1.5889 (Δ=1.0841) | R2_hold=0.6682 (Δ=-0.2983)
[BETA_INT=0.500] Done: eps=1 rep=7 | abs_err=1.0515 | RMSE_hold=3.0949 (Δ=2.5901) | R2_hold=-0.2588 (Δ=-1.2253)
[BETA_INT=0.500] Done: eps=1 rep=8 | abs_err=0.8095 | RMSE_hold=2.4555 (Δ=1.9507) | R2_hold=0.2076 (Δ=-0.7589)
[BETA_INT=0.500] Done: eps=1 rep=9 | abs_err=0.9958 | RMSE_hold=4.2589 (Δ=3.7541) | R2_hold=-1.3837 (Δ=-2.3502)
[BETA_INT=0.500] Done: eps=2 rep=1 | abs_err=0.5708 | RMSE_hold=1.6213 (Δ=1.1165) | R2_hold=0.6546 (Δ=-0.3120)
[BETA_INT=0.500] Done: eps=2 rep=2 | abs_err=0.4606 | RMSE_hold=2.3640 (Δ=1.8592) | R2_hold=0.2656 (Δ=-0.7010)
[BETA_INT=0.500] Done: eps=2 rep=3 | abs_err=0.5124 | RMSE_hold=1.8827 (Δ=1.3779) | R2_hold=0.5342 (Δ=-0.4323)
[BETA_INT=0.500] Done: eps=2 rep=4 | abs_err=0.4717 | RMSE_hold=1.2525 (Δ=0.7477) | R2_hold=0.7938 (Δ=-0.1727)
[BETA_INT=0.500] Done: eps=2 rep=5 | abs_err=0.5792 | RMSE_hold=2.6035 (Δ=2.0987) | R2_hold=0.1092 (Δ=-0.8573)
[BETA_INT=0.500] Done: eps=2 rep=6 | abs_err=0.4874 | RMSE_hold=1.3423 (Δ=0.8375) | R2_hold=0.7632 (Δ=-0.2033)
[BETA_INT=0.500] Done: eps=2 rep=7 | abs_err=0.4333 | RMSE_hold=1.6211 (Δ=1.1163) | R2_hold=0.6546 (Δ=-0.3119)
[BETA_INT=0.500] Done: eps=2 rep=8 | abs_err=0.4923 | RMSE_hold=1.6131 (Δ=1.1083) | R2_hold=0.6580 (Δ=-0.3085)
[BETA_INT=0.500] Done: eps=2 rep=9 | abs_err=0.4957 | RMSE_hold=1.8457 (Δ=1.3409) | R2_hold=0.5523 (Δ=-0.4142)
[BETA_INT=0.500] Done: eps=3 rep=1 | abs_err=0.4837 | RMSE_hold=1.5907 (Δ=1.0859) | R2_hold=0.6675 (Δ=-0.2990)
[BETA_INT=0.500] Done: eps=3 rep=2 | abs_err=0.4965 | RMSE_hold=1.5223 (Δ=1.0175) | R2_hold=0.6954 (Δ=-0.2711)
[BETA_INT=0.500] Done: eps=3 rep=3 | abs_err=0.4963 | RMSE_hold=1.4550 (Δ=0.9502) | R2_hold=0.7218 (Δ=-0.2447)
[BETA_INT=0.500] Done: eps=3 rep=4 | abs_err=0.5111 | RMSE_hold=1.1641 (Δ=0.6593) | R2_hold=0.8219 (Δ=-0.1446)
[BETA_INT=0.500] Done: eps=3 rep=5 | abs_err=0.4524 | RMSE_hold=1.7838 (Δ=1.2790) | R2_hold=0.5818 (Δ=-0.3847)
[BETA_INT=0.500] Done: eps=3 rep=6 | abs_err=0.5015 | RMSE_hold=1.1611 (Δ=0.6563) | R2_hold=0.8228 (Δ=-0.1437)
[BETA_INT=0.500] Done: eps=3 rep=7 | abs_err=0.4968 | RMSE_hold=1.3098 (Δ=0.8050) | R2_hold=0.7745 (Δ=-0.1920)
[BETA_INT=0.500] Done: eps=3 rep=8 | abs_err=0.5061 | RMSE_hold=1.0910 (Δ=0.5862) | R2_hold=0.8436 (Δ=-0.1229)
[BETA_INT=0.500] Done: eps=3 rep=9 | abs_err=0.4903 | RMSE_hold=1.0838 (Δ=0.5790) | R2_hold=0.8456 (Δ=-0.1209)
[BETA_INT=0.500] Done: eps=4 rep=1 | abs_err=0.4921 | RMSE_hold=1.6964 (Δ=1.1916) | R2_hold=0.6218 (Δ=-0.3447)
[BETA_INT=0.500] Done: eps=4 rep=2 | abs_err=0.4924 | RMSE_hold=1.2438 (Δ=0.7390) | R2_hold=0.7967 (Δ=-0.1698)
[BETA_INT=0.500] Done: eps=4 rep=3 | abs_err=0.4954 | RMSE_hold=1.3203 (Δ=0.8155) | R2_hold=0.7709 (Δ=-0.1956)
[BETA_INT=0.500] Done: eps=4 rep=4 | abs_err=0.5100 | RMSE_hold=1.6482 (Δ=1.1434) | R2_hold=0.6430 (Δ=-0.3235)
[BETA_INT=0.500] Done: eps=4 rep=5 | abs_err=0.4595 | RMSE_hold=1.0555 (Δ=0.5507) | R2_hold=0.8536 (Δ=-0.1129)
[BETA_INT=0.500] Done: eps=4 rep=6 | abs_err=0.5045 | RMSE_hold=1.2048 (Δ=0.7000) | R2_hold=0.8092 (Δ=-0.1573)
[BETA_INT=0.500] Done: eps=4 rep=7 | abs_err=0.4848 | RMSE_hold=1.1825 (Δ=0.6777) | R2_hold=0.8162 (Δ=-0.1503)
[BETA_INT=0.500] Done: eps=4 rep=8 | abs_err=0.4965 | RMSE_hold=1.1646 (Δ=0.6598) | R2_hold=0.8218 (Δ=-0.1448)
[BETA_INT=0.500] Done: eps=4 rep=9 | abs_err=0.4973 | RMSE_hold=1.5174 (Δ=1.0126) | R2_hold=0.6974 (Δ=-0.2691)
[BETA_INT=0.500] Done: eps=5 rep=1 | abs_err=0.1339 | RMSE_hold=0.5655 (Δ=0.0607) | R2_hold=0.9580 (Δ=-0.0085)
[BETA_INT=0.500] Done: eps=5 rep=2 | abs_err=0.1791 | RMSE_hold=0.6049 (Δ=0.1001) | R2_hold=0.9519 (Δ=-0.0146)
[BETA_INT=0.500] Done: eps=5 rep=3 | abs_err=0.4526 | RMSE_hold=1.1223 (Δ=0.6175) | R2_hold=0.8345 (Δ=-0.1320)
[BETA_INT=0.500] Done: eps=5 rep=4 | abs_err=0.2798 | RMSE_hold=0.7579 (Δ=0.2531) | R2_hold=0.9245 (Δ=-0.0420)
[BETA_INT=0.500] Done: eps=5 rep=5 | abs_err=0.3522 | RMSE_hold=0.8856 (Δ=0.3808) | R2_hold=0.8969 (Δ=-0.0696)
[BETA_INT=0.500] Done: eps=5 rep=6 | abs_err=0.4224 | RMSE_hold=0.9569 (Δ=0.4521) | R2_hold=0.8797 (Δ=-0.0869)
[BETA_INT=0.500] Done: eps=5 rep=7 | abs_err=0.4733 | RMSE_hold=1.1073 (Δ=0.6025) | R2_hold=0.8389 (Δ=-0.1277)
[BETA_INT=0.500] Done: eps=5 rep=8 | abs_err=0.4557 | RMSE_hold=1.0266 (Δ=0.5218) | R2_hold=0.8615 (Δ=-0.1050)
[BETA_INT=0.500] Done: eps=5 rep=9 | abs_err=0.4140 | RMSE_hold=0.9110 (Δ=0.4062) | R2_hold=0.8909 (Δ=-0.0756)

[BETA_INT=1.000] Setup=constant | REAL baseline: RMSE=0.499048, R2=0.983975 | beta123_real=0.998799
[BETA_INT=1.000] Done: eps=1 rep=1 | abs_err=0.9668 | RMSE_hold=2.0209 (Δ=1.5219) | R2_hold=0.7372 (Δ=-0.2468)
[BETA_INT=1.000] Done: eps=1 rep=2 | abs_err=1.2046 | RMSE_hold=4.0872 (Δ=3.5881) | R2_hold=-0.0749 (Δ=-1.0589)
[BETA_INT=1.000] Done: eps=1 rep=3 | abs_err=0.8262 | RMSE_hold=2.0063 (Δ=1.5073) | R2_hold=0.7410 (Δ=-0.2430)
[BETA_INT=1.000] Done: eps=1 rep=4 | abs_err=0.8384 | RMSE_hold=2.0434 (Δ=1.5444) | R2_hold=0.7313 (Δ=-0.2527)
[BETA_INT=1.000] Done: eps=1 rep=5 | abs_err=2.2038 | RMSE_hold=6.7214 (Δ=6.2224) | R2_hold=-1.9070 (Δ=-2.8910)
[BETA_INT=1.000] Done: eps=1 rep=6 | abs_err=0.8915 | RMSE_hold=2.2295 (Δ=1.7304) | R2_hold=0.6802 (Δ=-0.3038)
[BETA_INT=1.000] Done: eps=1 rep=7 | abs_err=0.7688 | RMSE_hold=2.5011 (Δ=2.0020) | R2_hold=0.5975 (Δ=-0.3865)
[BETA_INT=1.000] Done: eps=1 rep=8 | abs_err=0.7494 | RMSE_hold=5.3321 (Δ=4.8330) | R2_hold=-0.8294 (Δ=-1.8134)
[BETA_INT=1.000] Done: eps=1 rep=9 | abs_err=0.8809 | RMSE_hold=4.3423 (Δ=3.8433) | R2_hold=-0.2133 (Δ=-1.1973)
[BETA_INT=1.000] Done: eps=2 rep=1 | abs_err=0.9182 | RMSE_hold=2.3636 (Δ=1.8645) | R2_hold=0.6405 (Δ=-0.3434)
[BETA_INT=1.000] Done: eps=2 rep=2 | abs_err=1.0275 | RMSE_hold=2.3934 (Δ=1.8943) | R2_hold=0.6314 (Δ=-0.3526)
[BETA_INT=1.000] Done: eps=2 rep=3 | abs_err=0.9187 | RMSE_hold=2.0005 (Δ=1.5014) | R2_hold=0.7425 (Δ=-0.2415)
[BETA_INT=1.000] Done: eps=2 rep=4 | abs_err=0.9915 | RMSE_hold=2.7263 (Δ=2.2273) | R2_hold=0.5217 (Δ=-0.4623)
[BETA_INT=1.000] Done: eps=2 rep=5 | abs_err=0.9714 | RMSE_hold=2.1016 (Δ=1.6026) | R2_hold=0.7158 (Δ=-0.2682)
[BETA_INT=1.000] Done: eps=2 rep=6 | abs_err=0.9949 | RMSE_hold=2.2017 (Δ=1.7027) | R2_hold=0.6881 (Δ=-0.2959)
[BETA_INT=1.000] Done: eps=2 rep=7 | abs_err=1.0561 | RMSE_hold=2.4942 (Δ=1.9951) | R2_hold=0.5997 (Δ=-0.3843)
[BETA_INT=1.000] Done: eps=2 rep=8 | abs_err=0.9972 | RMSE_hold=2.3871 (Δ=1.8880) | R2_hold=0.6334 (Δ=-0.3506)
[BETA_INT=1.000] Done: eps=2 rep=9 | abs_err=0.9183 | RMSE_hold=3.6601 (Δ=3.1611) | R2_hold=0.1380 (Δ=-0.8460)
[BETA_INT=1.000] Done: eps=3 rep=1 | abs_err=1.0068 | RMSE_hold=2.3130 (Δ=1.8140) | R2_hold=0.6557 (Δ=-0.3282)
[BETA_INT=1.000] Done: eps=3 rep=2 | abs_err=0.9713 | RMSE_hold=1.9562 (Δ=1.4572) | R2_hold=0.7538 (Δ=-0.2302)
[BETA_INT=1.000] Done: eps=3 rep=3 | abs_err=1.0118 | RMSE_hold=2.1072 (Δ=1.6081) | R2_hold=0.7143 (Δ=-0.2697)
[BETA_INT=1.000] Done: eps=3 rep=4 | abs_err=0.9846 | RMSE_hold=2.5304 (Δ=2.0313) | R2_hold=0.5880 (Δ=-0.3960)
[BETA_INT=1.000] Done: eps=3 rep=5 | abs_err=1.0059 | RMSE_hold=2.0191 (Δ=1.5201) | R2_hold=0.7377 (Δ=-0.2463)
[BETA_INT=1.000] Done: eps=3 rep=6 | abs_err=0.9620 | RMSE_hold=2.6932 (Δ=2.1941) | R2_hold=0.5333 (Δ=-0.4507)
[BETA_INT=1.000] Done: eps=3 rep=7 | abs_err=0.9734 | RMSE_hold=2.0708 (Δ=1.5718) | R2_hold=0.7241 (Δ=-0.2599)
[BETA_INT=1.000] Done: eps=3 rep=8 | abs_err=1.0018 | RMSE_hold=1.9593 (Δ=1.4603) | R2_hold=0.7530 (Δ=-0.2310)
[BETA_INT=1.000] Done: eps=3 rep=9 | abs_err=1.0057 | RMSE_hold=2.1387 (Δ=1.6397) | R2_hold=0.7057 (Δ=-0.2783)
[BETA_INT=1.000] Done: eps=4 rep=1 | abs_err=1.0090 | RMSE_hold=2.4837 (Δ=1.9847) | R2_hold=0.6031 (Δ=-0.3809)
[BETA_INT=1.000] Done: eps=4 rep=2 | abs_err=0.9766 | RMSE_hold=2.0516 (Δ=1.5525) | R2_hold=0.7292 (Δ=-0.2548)
[BETA_INT=1.000] Done: eps=4 rep=3 | abs_err=0.9408 | RMSE_hold=1.8641 (Δ=1.3650) | R2_hold=0.7764 (Δ=-0.2076)
[BETA_INT=1.000] Done: eps=4 rep=4 | abs_err=0.9703 | RMSE_hold=1.8313 (Δ=1.3322) | R2_hold=0.7842 (Δ=-0.1998)
[BETA_INT=1.000] Done: eps=4 rep=5 | abs_err=0.8631 | RMSE_hold=1.8488 (Δ=1.3497) | R2_hold=0.7801 (Δ=-0.2039)
[BETA_INT=1.000] Done: eps=4 rep=6 | abs_err=0.9832 | RMSE_hold=2.9548 (Δ=2.4557) | R2_hold=0.4382 (Δ=-0.5458)
[BETA_INT=1.000] Done: eps=4 rep=7 | abs_err=0.9826 | RMSE_hold=1.9527 (Δ=1.4536) | R2_hold=0.7546 (Δ=-0.2293)
[BETA_INT=1.000] Done: eps=4 rep=8 | abs_err=0.8956 | RMSE_hold=1.7342 (Δ=1.2352) | R2_hold=0.8065 (Δ=-0.1775)
[BETA_INT=1.000] Done: eps=4 rep=9 | abs_err=1.0043 | RMSE_hold=2.1488 (Δ=1.6497) | R2_hold=0.7029 (Δ=-0.2811)
[BETA_INT=1.000] Done: eps=5 rep=1 | abs_err=0.3982 | RMSE_hold=0.8762 (Δ=0.3771) | R2_hold=0.9506 (Δ=-0.0334)
[BETA_INT=1.000] Done: eps=5 rep=2 | abs_err=0.8096 | RMSE_hold=1.5715 (Δ=1.0724) | R2_hold=0.8411 (Δ=-0.1429)
[BETA_INT=1.000] Done: eps=5 rep=3 | abs_err=0.6484 | RMSE_hold=1.3109 (Δ=0.8119) | R2_hold=0.8894 (Δ=-0.0946)
[BETA_INT=1.000] Done: eps=5 rep=4 | abs_err=0.9730 | RMSE_hold=2.2999 (Δ=1.8009) | R2_hold=0.6596 (Δ=-0.3243)
[BETA_INT=1.000] Done: eps=5 rep=5 | abs_err=0.8102 | RMSE_hold=1.6938 (Δ=1.1948) | R2_hold=0.8154 (Δ=-0.1686)
[BETA_INT=1.000] Done: eps=5 rep=6 | abs_err=0.9691 | RMSE_hold=2.0519 (Δ=1.5529) | R2_hold=0.7291 (Δ=-0.2549)
[BETA_INT=1.000] Done: eps=5 rep=7 | abs_err=0.7633 | RMSE_hold=1.5621 (Δ=1.0631) | R2_hold=0.8430 (Δ=-0.1410)
[BETA_INT=1.000] Done: eps=5 rep=8 | abs_err=0.8582 | RMSE_hold=1.7147 (Δ=1.2157) | R2_hold=0.8108 (Δ=-0.1732)
[BETA_INT=1.000] Done: eps=5 rep=9 | abs_err=0.9701 | RMSE_hold=2.0992 (Δ=1.6002) | R2_hold=0.7164 (Δ=-0.2675)

[BETA_INT=2.000] Setup=constant | REAL baseline: RMSE=0.502004, R2=0.994353 | beta123_real=2.001057
[BETA_INT=2.000] Done: eps=1 rep=1 | abs_err=2.5507 | RMSE_hold=7.6387 (Δ=7.1367) | R2_hold=-0.3075 (Δ=-1.3018)
[BETA_INT=2.000] Done: eps=1 rep=2 | abs_err=0.8882 | RMSE_hold=5.3764 (Δ=4.8744) | R2_hold=0.3523 (Δ=-0.6420)
[BETA_INT=2.000] Done: eps=1 rep=3 | abs_err=2.2638 | RMSE_hold=7.0202 (Δ=6.5182) | R2_hold=-0.1043 (Δ=-1.0987)
[BETA_INT=2.000] Done: eps=1 rep=4 | abs_err=7.3058 | RMSE_hold=23.7196 (Δ=23.2176) | R2_hold=-11.6066 (Δ=-12.6010)
[BETA_INT=2.000] Done: eps=1 rep=5 | abs_err=0.3651 | RMSE_hold=2.5603 (Δ=2.0583) | R2_hold=0.8531 (Δ=-0.1412)
[BETA_INT=2.000] Done: eps=1 rep=6 | abs_err=2.1999 | RMSE_hold=5.3400 (Δ=4.8380) | R2_hold=0.3611 (Δ=-0.6333)
[BETA_INT=2.000] Done: eps=1 rep=7 | abs_err=2.4921 | RMSE_hold=5.3762 (Δ=4.8742) | R2_hold=0.3524 (Δ=-0.6420)
[BETA_INT=2.000] Done: eps=1 rep=8 | abs_err=2.7467 | RMSE_hold=5.9946 (Δ=5.4926) | R2_hold=0.1948 (Δ=-0.7995)
[BETA_INT=2.000] Done: eps=1 rep=9 | abs_err=3.2720 | RMSE_hold=6.8886 (Δ=6.3866) | R2_hold=-0.0633 (Δ=-1.0576)
[BETA_INT=2.000] Done: eps=2 rep=1 | abs_err=2.0471 | RMSE_hold=5.5432 (Δ=5.0411) | R2_hold=0.3115 (Δ=-0.6828)
[BETA_INT=2.000] Done: eps=2 rep=2 | abs_err=1.9928 | RMSE_hold=4.8942 (Δ=4.3922) | R2_hold=0.4633 (Δ=-0.5311)
[BETA_INT=2.000] Done: eps=2 rep=3 | abs_err=2.0077 | RMSE_hold=3.8220 (Δ=3.3200) | R2_hold=0.6727 (Δ=-0.3217)
[BETA_INT=2.000] Done: eps=2 rep=4 | abs_err=2.5951 | RMSE_hold=7.9321 (Δ=7.4301) | R2_hold=-0.4098 (Δ=-1.4041)
[BETA_INT=2.000] Done: eps=2 rep=5 | abs_err=2.1397 | RMSE_hold=6.3314 (Δ=5.8294) | R2_hold=0.1018 (Δ=-0.8926)
[BETA_INT=2.000] Done: eps=2 rep=6 | abs_err=1.9350 | RMSE_hold=3.8701 (Δ=3.3681) | R2_hold=0.6644 (Δ=-0.3300)
[BETA_INT=2.000] Done: eps=2 rep=7 | abs_err=1.6335 | RMSE_hold=5.6055 (Δ=5.1035) | R2_hold=0.2959 (Δ=-0.6984)
[BETA_INT=2.000] Done: eps=2 rep=8 | abs_err=2.5069 | RMSE_hold=10.1367 (Δ=9.6347) | R2_hold=-1.3024 (Δ=-2.2967)
[BETA_INT=2.000] Done: eps=2 rep=9 | abs_err=2.0094 | RMSE_hold=3.9978 (Δ=3.4958) | R2_hold=0.6419 (Δ=-0.3525)
[BETA_INT=2.000] Done: eps=3 rep=1 | abs_err=2.0255 | RMSE_hold=4.6193 (Δ=4.1173) | R2_hold=0.5219 (Δ=-0.4725)
[BETA_INT=2.000] Done: eps=3 rep=2 | abs_err=2.0038 | RMSE_hold=3.8993 (Δ=3.3973) | R2_hold=0.6593 (Δ=-0.3350)
[BETA_INT=2.000] Done: eps=3 rep=3 | abs_err=1.9806 | RMSE_hold=4.5480 (Δ=4.0460) | R2_hold=0.5365 (Δ=-0.4578)
[BETA_INT=2.000] Done: eps=3 rep=4 | abs_err=2.0109 | RMSE_hold=4.4209 (Δ=3.9189) | R2_hold=0.5621 (Δ=-0.4323)
[BETA_INT=2.000] Done: eps=3 rep=5 | abs_err=1.9416 | RMSE_hold=4.0589 (Δ=3.5569) | R2_hold=0.6309 (Δ=-0.3635)
[BETA_INT=2.000] Done: eps=3 rep=6 | abs_err=2.0029 | RMSE_hold=4.1131 (Δ=3.6111) | R2_hold=0.6209 (Δ=-0.3734)
[BETA_INT=2.000] Done: eps=3 rep=7 | abs_err=1.9998 | RMSE_hold=4.6521 (Δ=4.1501) | R2_hold=0.5151 (Δ=-0.4793)
[BETA_INT=2.000] Done: eps=3 rep=8 | abs_err=2.1589 | RMSE_hold=4.3090 (Δ=3.8070) | R2_hold=0.5840 (Δ=-0.4104)
[BETA_INT=2.000] Done: eps=3 rep=9 | abs_err=2.0036 | RMSE_hold=4.8047 (Δ=4.3027) | R2_hold=0.4827 (Δ=-0.5116)
[BETA_INT=2.000] Done: eps=4 rep=1 | abs_err=1.9215 | RMSE_hold=3.8560 (Δ=3.3540) | R2_hold=0.6668 (Δ=-0.3275)
[BETA_INT=2.000] Done: eps=4 rep=2 | abs_err=2.0144 | RMSE_hold=4.0182 (Δ=3.5162) | R2_hold=0.6382 (Δ=-0.3561)
[BETA_INT=2.000] Done: eps=4 rep=3 | abs_err=1.9966 | RMSE_hold=3.8076 (Δ=3.3056) | R2_hold=0.6751 (Δ=-0.3192)
[BETA_INT=2.000] Done: eps=4 rep=4 | abs_err=1.9736 | RMSE_hold=4.2005 (Δ=3.6985) | R2_hold=0.6046 (Δ=-0.3897)
[BETA_INT=2.000] Done: eps=4 rep=5 | abs_err=1.9550 | RMSE_hold=4.1704 (Δ=3.6684) | R2_hold=0.6103 (Δ=-0.3841)
[BETA_INT=2.000] Done: eps=4 rep=6 | abs_err=1.9737 | RMSE_hold=4.4893 (Δ=3.9873) | R2_hold=0.5484 (Δ=-0.4459)
[BETA_INT=2.000] Done: eps=4 rep=7 | abs_err=1.8587 | RMSE_hold=4.4027 (Δ=3.9007) | R2_hold=0.5657 (Δ=-0.4287)
[BETA_INT=2.000] Done: eps=4 rep=8 | abs_err=1.9177 | RMSE_hold=3.7911 (Δ=3.2891) | R2_hold=0.6780 (Δ=-0.3164)
[BETA_INT=2.000] Done: eps=4 rep=9 | abs_err=1.9558 | RMSE_hold=4.2250 (Δ=3.7230) | R2_hold=0.6000 (Δ=-0.3943)
[BETA_INT=2.000] Done: eps=5 rep=1 | abs_err=0.5109 | RMSE_hold=1.3525 (Δ=0.8505) | R2_hold=0.9590 (Δ=-0.0353)
[BETA_INT=2.000] Done: eps=5 rep=2 | abs_err=1.5454 | RMSE_hold=3.0116 (Δ=2.5096) | R2_hold=0.7968 (Δ=-0.1976)
[BETA_INT=2.000] Done: eps=5 rep=3 | abs_err=1.6623 | RMSE_hold=3.2069 (Δ=2.7049) | R2_hold=0.7696 (Δ=-0.2248)
[BETA_INT=2.000] Done: eps=5 rep=4 | abs_err=1.4848 | RMSE_hold=2.8398 (Δ=2.3378) | R2_hold=0.8193 (Δ=-0.1751)
[BETA_INT=2.000] Done: eps=5 rep=5 | abs_err=0.4348 | RMSE_hold=0.9950 (Δ=0.4930) | R2_hold=0.9778 (Δ=-0.0165)
[BETA_INT=2.000] Done: eps=5 rep=6 | abs_err=1.8562 | RMSE_hold=3.5245 (Δ=3.0225) | R2_hold=0.7217 (Δ=-0.2727)
[BETA_INT=2.000] Done: eps=5 rep=7 | abs_err=1.4651 | RMSE_hold=2.8784 (Δ=2.3764) | R2_hold=0.8144 (Δ=-0.1800)
[BETA_INT=2.000] Done: eps=5 rep=8 | abs_err=0.9999 | RMSE_hold=2.0200 (Δ=1.5180) | R2_hold=0.9086 (Δ=-0.0858)
[BETA_INT=2.000] Done: eps=5 rep=9 | abs_err=0.0430 | RMSE_hold=0.8559 (Δ=0.3539) | R2_hold=0.9836 (Δ=-0.0108)

[BETA_INT=3.000] Setup=constant | REAL baseline: RMSE=0.500815, R2=0.996652 | beta123_real=2.997862
[BETA_INT=3.000] Done: eps=1 rep=1 | abs_err=6.4418 | RMSE_hold=15.4155 (Δ=14.9147) | R2_hold=-2.1721 (Δ=-3.1687)
[BETA_INT=3.000] Done: eps=1 rep=2 | abs_err=0.2273 | RMSE_hold=14.4670 (Δ=13.9662) | R2_hold=-1.7937 (Δ=-2.7904)
[BETA_INT=3.000] Done: eps=1 rep=3 | abs_err=2.0994 | RMSE_hold=12.3996 (Δ=11.8988) | R2_hold=-1.0523 (Δ=-2.0490)
[BETA_INT=3.000] Done: eps=1 rep=4 | abs_err=3.9034 | RMSE_hold=7.0596 (Δ=6.5587) | R2_hold=0.3348 (Δ=-0.6619)
[BETA_INT=3.000] Done: eps=1 rep=5 | abs_err=1.0989 | RMSE_hold=8.1934 (Δ=7.6925) | R2_hold=0.1039 (Δ=-0.8927)
[BETA_INT=3.000] Done: eps=1 rep=6 | abs_err=2.7065 | RMSE_hold=6.3816 (Δ=5.8808) | R2_hold=0.4564 (Δ=-0.5403)
[BETA_INT=3.000] Done: eps=1 rep=7 | abs_err=1.8868 | RMSE_hold=9.0283 (Δ=8.5275) | R2_hold=-0.0880 (Δ=-1.0847)
[BETA_INT=3.000] Done: eps=1 rep=8 | abs_err=3.1227 | RMSE_hold=13.9223 (Δ=13.4215) | R2_hold=-1.5873 (Δ=-2.5839)
[BETA_INT=3.000] Done: eps=1 rep=9 | abs_err=1.6478 | RMSE_hold=3.8867 (Δ=3.3859) | R2_hold=0.7984 (Δ=-0.1983)
[BETA_INT=3.000] Done: eps=2 rep=1 | abs_err=4.3786 | RMSE_hold=7.9439 (Δ=7.4431) | R2_hold=0.1577 (Δ=-0.8390)
[BETA_INT=3.000] Done: eps=2 rep=2 | abs_err=3.0902 | RMSE_hold=5.8720 (Δ=5.3712) | R2_hold=0.5397 (Δ=-0.4569)
[BETA_INT=3.000] Done: eps=2 rep=3 | abs_err=3.0377 | RMSE_hold=8.9205 (Δ=8.4197) | R2_hold=-0.0622 (Δ=-1.0589)
[BETA_INT=3.000] Done: eps=2 rep=4 | abs_err=2.9329 | RMSE_hold=5.6298 (Δ=5.1289) | R2_hold=0.5769 (Δ=-0.4197)
[BETA_INT=3.000] Done: eps=2 rep=5 | abs_err=3.0183 | RMSE_hold=6.0958 (Δ=5.5950) | R2_hold=0.5040 (Δ=-0.4927)
[BETA_INT=3.000] Done: eps=2 rep=6 | abs_err=3.0228 | RMSE_hold=6.3406 (Δ=5.8397) | R2_hold=0.4634 (Δ=-0.5333)
[BETA_INT=3.000] Done: eps=2 rep=7 | abs_err=3.2852 | RMSE_hold=6.3665 (Δ=5.8657) | R2_hold=0.4590 (Δ=-0.5377)
[BETA_INT=3.000] Done: eps=2 rep=8 | abs_err=3.2300 | RMSE_hold=8.0771 (Δ=7.5763) | R2_hold=0.1292 (Δ=-0.8675)
[BETA_INT=3.000] Done: eps=2 rep=9 | abs_err=1.7347 | RMSE_hold=15.1752 (Δ=14.6744) | R2_hold=-2.0739 (Δ=-3.0706)
[BETA_INT=3.000] Done: eps=3 rep=1 | abs_err=2.9696 | RMSE_hold=5.8878 (Δ=5.3870) | R2_hold=0.5373 (Δ=-0.4594)
[BETA_INT=3.000] Done: eps=3 rep=2 | abs_err=3.0221 | RMSE_hold=6.4181 (Δ=5.9173) | R2_hold=0.4502 (Δ=-0.5465)
[BETA_INT=3.000] Done: eps=3 rep=3 | abs_err=3.0335 | RMSE_hold=7.2374 (Δ=6.7366) | R2_hold=0.3008 (Δ=-0.6958)
[BETA_INT=3.000] Done: eps=3 rep=4 | abs_err=2.9629 | RMSE_hold=5.6062 (Δ=5.1054) | R2_hold=0.5805 (Δ=-0.4162)
[BETA_INT=3.000] Done: eps=3 rep=5 | abs_err=2.9894 | RMSE_hold=7.3336 (Δ=6.8328) | R2_hold=0.2821 (Δ=-0.7146)
[BETA_INT=3.000] Done: eps=3 rep=6 | abs_err=3.0337 | RMSE_hold=5.3734 (Δ=4.8725) | R2_hold=0.6146 (Δ=-0.3821)
[BETA_INT=3.000] Done: eps=3 rep=7 | abs_err=3.0036 | RMSE_hold=8.3737 (Δ=7.8729) | R2_hold=0.0640 (Δ=-0.9326)
[BETA_INT=3.000] Done: eps=3 rep=8 | abs_err=3.0919 | RMSE_hold=5.6844 (Δ=5.1836) | R2_hold=0.5687 (Δ=-0.4280)
[BETA_INT=3.000] Done: eps=3 rep=9 | abs_err=2.9616 | RMSE_hold=7.1978 (Δ=6.6970) | R2_hold=0.3084 (Δ=-0.6882)
[BETA_INT=3.000] Done: eps=4 rep=1 | abs_err=2.9850 | RMSE_hold=5.2881 (Δ=4.7873) | R2_hold=0.6267 (Δ=-0.3699)
[BETA_INT=3.000] Done: eps=4 rep=2 | abs_err=2.4780 | RMSE_hold=4.3948 (Δ=3.8940) | R2_hold=0.7422 (Δ=-0.2545)
[BETA_INT=3.000] Done: eps=4 rep=3 | abs_err=2.9146 | RMSE_hold=5.2151 (Δ=4.7143) | R2_hold=0.6370 (Δ=-0.3597)
[BETA_INT=3.000] Done: eps=4 rep=4 | abs_err=2.9438 | RMSE_hold=5.1327 (Δ=4.6319) | R2_hold=0.6483 (Δ=-0.3483)
[BETA_INT=3.000] Done: eps=4 rep=5 | abs_err=2.9547 | RMSE_hold=5.2128 (Δ=4.7120) | R2_hold=0.6373 (Δ=-0.3594)
[BETA_INT=3.000] Done: eps=4 rep=6 | abs_err=2.9072 | RMSE_hold=5.5167 (Δ=5.0159) | R2_hold=0.5938 (Δ=-0.4029)
[BETA_INT=3.000] Done: eps=4 rep=7 | abs_err=2.9394 | RMSE_hold=5.2320 (Δ=4.7312) | R2_hold=0.6346 (Δ=-0.3620)
[BETA_INT=3.000] Done: eps=4 rep=8 | abs_err=2.9341 | RMSE_hold=5.5293 (Δ=5.0285) | R2_hold=0.5919 (Δ=-0.4048)
[BETA_INT=3.000] Done: eps=4 rep=9 | abs_err=2.9893 | RMSE_hold=6.4238 (Δ=5.9230) | R2_hold=0.4492 (Δ=-0.5475)
[BETA_INT=3.000] Done: eps=5 rep=1 | abs_err=1.5706 | RMSE_hold=2.9557 (Δ=2.4549) | R2_hold=0.8834 (Δ=-0.1133)
[BETA_INT=3.000] Done: eps=5 rep=2 | abs_err=2.8578 | RMSE_hold=5.8433 (Δ=5.3425) | R2_hold=0.5442 (Δ=-0.4524)
[BETA_INT=3.000] Done: eps=5 rep=3 | abs_err=2.5209 | RMSE_hold=4.3201 (Δ=3.8193) | R2_hold=0.7509 (Δ=-0.2458)
[BETA_INT=3.000] Done: eps=5 rep=4 | abs_err=1.3507 | RMSE_hold=2.3682 (Δ=1.8674) | R2_hold=0.9251 (Δ=-0.0715)
[BETA_INT=3.000] Done: eps=5 rep=5 | abs_err=1.9723 | RMSE_hold=3.4742 (Δ=2.9734) | R2_hold=0.8389 (Δ=-0.1578)
[BETA_INT=3.000] Done: eps=5 rep=6 | abs_err=2.3758 | RMSE_hold=4.2614 (Δ=3.7606) | R2_hold=0.7576 (Δ=-0.2391)
[BETA_INT=3.000] Done: eps=5 rep=7 | abs_err=2.9058 | RMSE_hold=5.0408 (Δ=4.5400) | R2_hold=0.6608 (Δ=-0.3358)
[BETA_INT=3.000] Done: eps=5 rep=8 | abs_err=2.3861 | RMSE_hold=4.0998 (Δ=3.5990) | R2_hold=0.7756 (Δ=-0.2210)
[BETA_INT=3.000] Done: eps=5 rep=9 | abs_err=0.7512 | RMSE_hold=1.9089 (Δ=1.4081) | R2_hold=0.9514 (Δ=-0.0453)

[BETA_INT=5.000] Setup=constant | REAL baseline: RMSE=0.496464, R2=0.998574 | beta123_real=4.999876
[BETA_INT=5.000] Done: eps=1 rep=1 | abs_err=4.2805 | RMSE_hold=8.8385 (Δ=8.3421) | R2_hold=0.5481 (Δ=-0.4505)
[BETA_INT=5.000] Done: eps=1 rep=2 | abs_err=4.3786 | RMSE_hold=11.7263 (Δ=11.2299) | R2_hold=0.2045 (Δ=-0.7941)
[BETA_INT=5.000] Done: eps=1 rep=3 | abs_err=5.9485 | RMSE_hold=18.5898 (Δ=18.0933) | R2_hold=-0.9993 (Δ=-1.9978)
[BETA_INT=5.000] Done: eps=1 rep=4 | abs_err=3.1668 | RMSE_hold=57.3931 (Δ=56.8966) | R2_hold=-18.0565 (Δ=-19.0551)
[BETA_INT=5.000] Done: eps=1 rep=5 | abs_err=5.2864 | RMSE_hold=9.6949 (Δ=9.1984) | R2_hold=0.4562 (Δ=-0.5423)
[BETA_INT=5.000] Done: eps=1 rep=6 | abs_err=6.4390 | RMSE_hold=14.9881 (Δ=14.4917) | R2_hold=-0.2996 (Δ=-1.2982)
[BETA_INT=5.000] Done: eps=1 rep=7 | abs_err=3.3707 | RMSE_hold=10.7349 (Δ=10.2384) | R2_hold=0.3333 (Δ=-0.6653)
[BETA_INT=5.000] Done: eps=1 rep=8 | abs_err=4.0497 | RMSE_hold=10.0594 (Δ=9.5629) | R2_hold=0.4146 (Δ=-0.5840)
[BETA_INT=5.000] Done: eps=1 rep=9 | abs_err=3.7801 | RMSE_hold=9.6367 (Δ=9.1403) | R2_hold=0.4627 (Δ=-0.5358)
[BETA_INT=5.000] Done: eps=2 rep=1 | abs_err=4.4007 | RMSE_hold=8.4972 (Δ=8.0008) | R2_hold=0.5823 (Δ=-0.4163)
[BETA_INT=5.000] Done: eps=2 rep=2 | abs_err=4.5911 | RMSE_hold=10.2383 (Δ=9.7418) | R2_hold=0.3936 (Δ=-0.6050)
[BETA_INT=5.000] Done: eps=2 rep=3 | abs_err=5.0237 | RMSE_hold=11.5654 (Δ=11.0689) | R2_hold=0.2262 (Δ=-0.7724)
[BETA_INT=5.000] Done: eps=2 rep=4 | abs_err=6.3801 | RMSE_hold=17.7890 (Δ=17.2925) | R2_hold=-0.8307 (Δ=-1.8293)
[BETA_INT=5.000] Done: eps=2 rep=5 | abs_err=4.9776 | RMSE_hold=12.3737 (Δ=11.8773) | R2_hold=0.1142 (Δ=-0.8844)
[BETA_INT=5.000] Done: eps=2 rep=6 | abs_err=4.9730 | RMSE_hold=8.6686 (Δ=8.1721) | R2_hold=0.5653 (Δ=-0.4333)
[BETA_INT=5.000] Done: eps=2 rep=7 | abs_err=5.3564 | RMSE_hold=20.8951 (Δ=20.3986) | R2_hold=-1.5259 (Δ=-2.5244)
[BETA_INT=5.000] Done: eps=2 rep=8 | abs_err=5.4399 | RMSE_hold=9.8582 (Δ=9.3618) | R2_hold=0.4378 (Δ=-0.5608)
[BETA_INT=5.000] Done: eps=2 rep=9 | abs_err=4.9811 | RMSE_hold=12.2882 (Δ=11.7917) | R2_hold=0.1264 (Δ=-0.8722)
[BETA_INT=5.000] Done: eps=3 rep=1 | abs_err=4.9722 | RMSE_hold=9.1300 (Δ=8.6335) | R2_hold=0.5178 (Δ=-0.4808)
[BETA_INT=5.000] Done: eps=3 rep=2 | abs_err=5.0625 | RMSE_hold=9.3473 (Δ=8.8508) | R2_hold=0.4945 (Δ=-0.5040)
[BETA_INT=5.000] Done: eps=3 rep=3 | abs_err=5.0681 | RMSE_hold=8.5438 (Δ=8.0473) | R2_hold=0.5777 (Δ=-0.4209)
[BETA_INT=5.000] Done: eps=3 rep=4 | abs_err=5.0422 | RMSE_hold=10.7001 (Δ=10.2036) | R2_hold=0.3376 (Δ=-0.6609)
[BETA_INT=5.000] Done: eps=3 rep=5 | abs_err=4.8232 | RMSE_hold=9.3346 (Δ=8.8381) | R2_hold=0.4959 (Δ=-0.5027)
[BETA_INT=5.000] Done: eps=3 rep=6 | abs_err=4.8551 | RMSE_hold=10.6425 (Δ=10.1461) | R2_hold=0.3447 (Δ=-0.6538)
[BETA_INT=5.000] Done: eps=3 rep=7 | abs_err=4.9699 | RMSE_hold=11.8120 (Δ=11.3155) | R2_hold=0.1928 (Δ=-0.8057)
[BETA_INT=5.000] Done: eps=3 rep=8 | abs_err=5.1271 | RMSE_hold=10.9971 (Δ=10.5006) | R2_hold=0.3003 (Δ=-0.6982)
[BETA_INT=5.000] Done: eps=3 rep=9 | abs_err=4.8919 | RMSE_hold=8.7793 (Δ=8.2828) | R2_hold=0.5541 (Δ=-0.4445)
[BETA_INT=5.000] Done: eps=4 rep=1 | abs_err=2.9882 | RMSE_hold=5.1141 (Δ=4.6177) | R2_hold=0.8487 (Δ=-0.1499)
[BETA_INT=5.000] Done: eps=4 rep=2 | abs_err=4.2791 | RMSE_hold=7.4633 (Δ=6.9668) | R2_hold=0.6778 (Δ=-0.3208)
[BETA_INT=5.000] Done: eps=4 rep=3 | abs_err=4.5257 | RMSE_hold=7.4528 (Δ=6.9563) | R2_hold=0.6787 (Δ=-0.3199)
[BETA_INT=5.000] Done: eps=4 rep=4 | abs_err=4.8968 | RMSE_hold=9.5452 (Δ=9.0487) | R2_hold=0.4729 (Δ=-0.5257)
[BETA_INT=5.000] Done: eps=4 rep=5 | abs_err=5.0091 | RMSE_hold=8.7988 (Δ=8.3023) | R2_hold=0.5521 (Δ=-0.4465)
[BETA_INT=5.000] Done: eps=4 rep=6 | abs_err=4.2998 | RMSE_hold=7.3351 (Δ=6.8387) | R2_hold=0.6887 (Δ=-0.3098)
[BETA_INT=5.000] Done: eps=4 rep=7 | abs_err=4.9407 | RMSE_hold=8.3301 (Δ=7.8336) | R2_hold=0.5986 (Δ=-0.4000)
[BETA_INT=5.000] Done: eps=4 rep=8 | abs_err=4.5187 | RMSE_hold=7.8898 (Δ=7.3933) | R2_hold=0.6399 (Δ=-0.3587)
[BETA_INT=5.000] Done: eps=4 rep=9 | abs_err=4.6242 | RMSE_hold=7.8854 (Δ=7.3889) | R2_hold=0.6403 (Δ=-0.3583)
[BETA_INT=5.000] Done: eps=5 rep=1 | abs_err=4.0616 | RMSE_hold=7.0031 (Δ=6.5066) | R2_hold=0.7163 (Δ=-0.2823)
[BETA_INT=5.000] Done: eps=5 rep=2 | abs_err=3.9762 | RMSE_hold=6.7221 (Δ=6.2256) | R2_hold=0.7386 (Δ=-0.2600)
[BETA_INT=5.000] Done: eps=5 rep=3 | abs_err=4.1623 | RMSE_hold=7.0608 (Δ=6.5643) | R2_hold=0.7116 (Δ=-0.2870)
[BETA_INT=5.000] Done: eps=5 rep=4 | abs_err=4.5756 | RMSE_hold=7.5703 (Δ=7.0738) | R2_hold=0.6685 (Δ=-0.3301)
[BETA_INT=5.000] Done: eps=5 rep=5 | abs_err=2.6075 | RMSE_hold=4.2341 (Δ=3.7376) | R2_hold=0.8963 (Δ=-0.1023)
[BETA_INT=5.000] Done: eps=5 rep=6 | abs_err=4.5230 | RMSE_hold=7.8307 (Δ=7.3343) | R2_hold=0.6452 (Δ=-0.3533)
[BETA_INT=5.000] Done: eps=5 rep=7 | abs_err=3.3879 | RMSE_hold=5.5860 (Δ=5.0895) | R2_hold=0.8195 (Δ=-0.1791)
[BETA_INT=5.000] Done: eps=5 rep=8 | abs_err=0.6428 | RMSE_hold=1.2488 (Δ=0.7523) | R2_hold=0.9910 (Δ=-0.0076)
[BETA_INT=5.000] Done: eps=5 rep=9 | abs_err=3.8888 | RMSE_hold=7.0883 (Δ=6.5918) | R2_hold=0.7093 (Δ=-0.2892)

Wrote:
 - higher_order_dpwgan_sweep_constant/higher_order_dpwgan_constant_betaIntSweep_results_final.csv
 - higher_order_dpwgan_sweep_constant/higher_order_dpwgan_constant_betaIntSweep_summary_final.csv
 - outputs under: higher_order_dpwgan_sweep_constant
